<?xml version="1.0" encoding="UTF-8"?>
<!-- Generated by org.testng.reporters.JUnitXMLReporter -->
<testsuite ignored="0" hostname="Ganesh-PC" failures="0" tests="3" name="Default test" time="198.269" errors="0" timestamp="2020-02-05T21:43:03 IST">
  <testcase classname="ISR_Selenium_Testcase.Organization_details_page_Testcase" name="orgdetailspage" time="14.625"/>
  <testcase classname="ISR_Selenium_Testcase.Organization_details_page_Testcase" name="downloadcertificate" time="4.596"/>
  <testcase classname="ISR_Selenium_Testcase.Organization_details_page_Testcase" name="uploadcertificate" time="3.932"/>
</testsuite> <!-- Default test -->
